{"/Users/srwalkerb/Desktop/Me/study/todo-app/api/src/env.ts": {"path":"/Users/srwalkerb/Desktop/Me/study/todo-app/api/src/env.ts","statementMap":{"0":{"start":{"line":3,"column":18},"end":{"line":9,"column":null}},"1":{"start":{"line":11,"column":19},"end":{"line":11,"column":null}}},"fnMap":{},"branchMap":{},"s":{"0":3,"1":3},"f":{},"b":{},"meta":{"lastBranch":0,"lastFunction":0,"lastStatement":2,"seen":{"s:3:18:9:Infinity":0,"s:11:19:11:Infinity":1}}}
,"/Users/srwalkerb/Desktop/Me/study/todo-app/api/src/server.ts": {"path":"/Users/srwalkerb/Desktop/Me/study/todo-app/api/src/server.ts","statementMap":{"0":{"start":{"line":26,"column":6},"end":{"line":26,"column":null}},"1":{"start":{"line":28,"column":0},"end":{"line":28,"column":null}},"2":{"start":{"line":29,"column":0},"end":{"line":29,"column":null}},"3":{"start":{"line":31,"column":0},"end":{"line":34,"column":null}},"4":{"start":{"line":36,"column":0},"end":{"line":44,"column":null}},"5":{"start":{"line":46,"column":0},"end":{"line":70,"column":null}},"6":{"start":{"line":47,"column":2},"end":{"line":57,"column":null}},"7":{"start":{"line":48,"column":4},"end":{"line":56,"column":null}},"8":{"start":{"line":59,"column":2},"end":{"line":69,"column":null}},"9":{"start":{"line":60,"column":4},"end":{"line":68,"column":null}},"10":{"start":{"line":72,"column":0},"end":{"line":74,"column":null}},"11":{"start":{"line":76,"column":0},"end":{"line":78,"column":null}},"12":{"start":{"line":77,"column":2},"end":{"line":77,"column":null}},"13":{"start":{"line":80,"column":0},"end":{"line":80,"column":null}},"14":{"start":{"line":81,"column":0},"end":{"line":81,"column":null}},"15":{"start":{"line":82,"column":0},"end":{"line":82,"column":null}},"16":{"start":{"line":83,"column":0},"end":{"line":83,"column":null}},"17":{"start":{"line":84,"column":0},"end":{"line":84,"column":null}},"18":{"start":{"line":85,"column":0},"end":{"line":85,"column":null}},"19":{"start":{"line":86,"column":0},"end":{"line":86,"column":null}},"20":{"start":{"line":87,"column":0},"end":{"line":87,"column":null}},"21":{"start":{"line":88,"column":0},"end":{"line":88,"column":null}},"22":{"start":{"line":89,"column":0},"end":{"line":89,"column":null}},"23":{"start":{"line":90,"column":0},"end":{"line":90,"column":null}},"24":{"start":{"line":92,"column":0},"end":{"line":97,"column":null}},"25":{"start":{"line":93,"column":2},"end":{"line":96,"column":null}},"26":{"start":{"line":94,"column":4},"end":{"line":94,"column":null}},"27":{"start":{"line":95,"column":4},"end":{"line":95,"column":null}}},"fnMap":{"0":{"name":"(anonymous_0)","decl":{"start":{"line":46,"column":20},"end":{"line":46,"column":21}},"loc":{"start":{"line":46,"column":41},"end":{"line":70,"column":1}},"line":46},"1":{"name":"(anonymous_1)","decl":{"start":{"line":76,"column":26},"end":{"line":76,"column":33}},"loc":{"start":{"line":76,"column":52},"end":{"line":78,"column":1}},"line":76},"2":{"name":"(anonymous_2)","decl":{"start":{"line":93,"column":55},"end":{"line":93,"column":61}},"loc":{"start":{"line":93,"column":61},"end":{"line":96,"column":3}},"line":93}},"branchMap":{"0":{"loc":{"start":{"line":47,"column":2},"end":{"line":57,"column":null}},"type":"if","locations":[{"start":{"line":47,"column":2},"end":{"line":57,"column":null}},{"start":{},"end":{}}],"line":47},"1":{"loc":{"start":{"line":59,"column":2},"end":{"line":69,"column":null}},"type":"if","locations":[{"start":{"line":59,"column":2},"end":{"line":69,"column":null}},{"start":{},"end":{}}],"line":59},"2":{"loc":{"start":{"line":92,"column":0},"end":{"line":97,"column":null}},"type":"if","locations":[{"start":{"line":92,"column":0},"end":{"line":97,"column":null}},{"start":{},"end":{}}],"line":92}},"s":{"0":3,"1":3,"2":3,"3":3,"4":3,"5":3,"6":1,"7":1,"8":0,"9":0,"10":3,"11":3,"12":30,"13":3,"14":3,"15":3,"16":3,"17":3,"18":3,"19":3,"20":3,"21":3,"22":3,"23":3,"24":3,"25":0,"26":0,"27":0},"f":{"0":1,"1":30,"2":0},"b":{"0":[1,0],"1":[0,0],"2":[0,3]},"meta":{"lastBranch":3,"lastFunction":3,"lastStatement":28,"seen":{"s:26:6:26:Infinity":0,"s:28:0:28:Infinity":1,"s:29:0:29:Infinity":2,"s:31:0:34:Infinity":3,"s:36:0:44:Infinity":4,"s:46:0:70:Infinity":5,"f:46:20:46:21":0,"b:47:2:57:Infinity:undefined:undefined:undefined:undefined":0,"s:47:2:57:Infinity":6,"s:48:4:56:Infinity":7,"b:59:2:69:Infinity:undefined:undefined:undefined:undefined":1,"s:59:2:69:Infinity":8,"s:60:4:68:Infinity":9,"s:72:0:74:Infinity":10,"s:76:0:78:Infinity":11,"f:76:26:76:33":1,"s:77:2:77:Infinity":12,"s:80:0:80:Infinity":13,"s:81:0:81:Infinity":14,"s:82:0:82:Infinity":15,"s:83:0:83:Infinity":16,"s:84:0:84:Infinity":17,"s:85:0:85:Infinity":18,"s:86:0:86:Infinity":19,"s:87:0:87:Infinity":20,"s:88:0:88:Infinity":21,"s:89:0:89:Infinity":22,"s:90:0:90:Infinity":23,"b:92:0:97:Infinity:undefined:undefined:undefined:undefined":2,"s:92:0:97:Infinity":24,"s:93:2:96:Infinity":25,"f:93:55:93:61":2,"s:94:4:94:Infinity":26,"s:95:4:95:Infinity":27}}}
,"/Users/srwalkerb/Desktop/Me/study/todo-app/api/src/db/index.ts": {"path":"/Users/srwalkerb/Desktop/Me/study/todo-app/api/src/db/index.ts","statementMap":{"0":{"start":{"line":5,"column":13},"end":{"line":8,"column":null}}},"fnMap":{},"branchMap":{},"s":{"0":3},"f":{},"b":{},"meta":{"lastBranch":0,"lastFunction":0,"lastStatement":1,"seen":{"s:5:13:8:Infinity":0}}}
,"/Users/srwalkerb/Desktop/Me/study/todo-app/api/src/db/schema/index.ts": {"path":"/Users/srwalkerb/Desktop/Me/study/todo-app/api/src/db/schema/index.ts","statementMap":{},"fnMap":{},"branchMap":{},"s":{},"f":{},"b":{},"meta":{"lastBranch":0,"lastFunction":0,"lastStatement":0,"seen":{}}}
,"/Users/srwalkerb/Desktop/Me/study/todo-app/api/src/db/schema/task-category.ts": {"path":"/Users/srwalkerb/Desktop/Me/study/todo-app/api/src/db/schema/task-category.ts","statementMap":{"0":{"start":{"line":4,"column":13},"end":{"line":10,"column":null}},"1":{"start":{"line":5,"column":37},"end":{"line":5,"column":51}}},"fnMap":{"0":{"name":"(anonymous_0)","decl":{"start":{"line":5,"column":37},"end":{"line":5,"column":43}},"loc":{"start":{"line":5,"column":37},"end":{"line":5,"column":51}},"line":5}},"branchMap":{},"s":{"0":3,"1":2},"f":{"0":2},"b":{},"meta":{"lastBranch":0,"lastFunction":1,"lastStatement":2,"seen":{"s:4:13:10:Infinity":0,"f:5:37:5:43":0,"s:5:37:5:51":1}}}
,"/Users/srwalkerb/Desktop/Me/study/todo-app/api/src/db/schema/task-priority.ts": {"path":"/Users/srwalkerb/Desktop/Me/study/todo-app/api/src/db/schema/task-priority.ts","statementMap":{"0":{"start":{"line":5,"column":13},"end":{"line":12,"column":null}},"1":{"start":{"line":6,"column":37},"end":{"line":6,"column":51}}},"fnMap":{"0":{"name":"(anonymous_0)","decl":{"start":{"line":6,"column":37},"end":{"line":6,"column":43}},"loc":{"start":{"line":6,"column":37},"end":{"line":6,"column":51}},"line":6}},"branchMap":{},"s":{"0":3,"1":3},"f":{"0":3},"b":{},"meta":{"lastBranch":0,"lastFunction":1,"lastStatement":2,"seen":{"s:5:13:12:Infinity":0,"f:6:37:6:43":0,"s:6:37:6:51":1}}}
,"/Users/srwalkerb/Desktop/Me/study/todo-app/api/src/db/schema/task.ts": {"path":"/Users/srwalkerb/Desktop/Me/study/todo-app/api/src/db/schema/task.ts","statementMap":{"0":{"start":{"line":7,"column":13},"end":{"line":22,"column":null}},"1":{"start":{"line":10,"column":16},"end":{"line":10,"column":30}},"2":{"start":{"line":11,"column":42},"end":{"line":11,"column":57}},"3":{"start":{"line":12,"column":42},"end":{"line":12,"column":57}}},"fnMap":{"0":{"name":"(anonymous_0)","decl":{"start":{"line":10,"column":16},"end":{"line":10,"column":22}},"loc":{"start":{"line":10,"column":16},"end":{"line":10,"column":30}},"line":10},"1":{"name":"(anonymous_1)","decl":{"start":{"line":11,"column":36},"end":{"line":11,"column":42}},"loc":{"start":{"line":11,"column":42},"end":{"line":11,"column":57}},"line":11},"2":{"name":"(anonymous_2)","decl":{"start":{"line":12,"column":36},"end":{"line":12,"column":42}},"loc":{"start":{"line":12,"column":42},"end":{"line":12,"column":57}},"line":12}},"branchMap":{},"s":{"0":3,"1":6,"2":0,"3":0},"f":{"0":6,"1":0,"2":0},"b":{},"meta":{"lastBranch":0,"lastFunction":3,"lastStatement":4,"seen":{"s:7:13:22:Infinity":0,"f:10:16:10:22":0,"s:10:16:10:30":1,"f:11:36:11:42":1,"s:11:42:11:57":2,"f:12:36:12:42":2,"s:12:42:12:57":3}}}
,"/Users/srwalkerb/Desktop/Me/study/todo-app/api/src/routes/task-category/create-task-category.ts": {"path":"/Users/srwalkerb/Desktop/Me/study/todo-app/api/src/routes/task-category/create-task-category.ts","statementMap":{"0":{"start":{"line":6,"column":57},"end":{"line":34,"column":null}},"1":{"start":{"line":7,"column":2},"end":{"line":33,"column":null}},"2":{"start":{"line":23,"column":21},"end":{"line":28,"column":null}},"3":{"start":{"line":30,"column":4},"end":{"line":32,"column":null}}},"fnMap":{"0":{"name":"(anonymous_0)","decl":{"start":{"line":6,"column":57},"end":{"line":6,"column":64}},"loc":{"start":{"line":6,"column":72},"end":{"line":34,"column":null}},"line":6},"1":{"name":"(anonymous_1)","decl":{"start":{"line":22,"column":2},"end":{"line":22,"column":9}},"loc":{"start":{"line":22,"column":28},"end":{"line":33,"column":3}},"line":22}},"branchMap":{},"s":{"0":3,"1":3,"2":2,"3":2},"f":{"0":3,"1":2},"b":{},"meta":{"lastBranch":0,"lastFunction":2,"lastStatement":4,"seen":{"s:6:57:34:Infinity":0,"f:6:57:6:64":0,"s:7:2:33:Infinity":1,"f:22:2:22:9":1,"s:23:21:28:Infinity":2,"s:30:4:32:Infinity":3}}}
,"/Users/srwalkerb/Desktop/Me/study/todo-app/api/src/routes/task-category/delete-task-category.ts": {"path":"/Users/srwalkerb/Desktop/Me/study/todo-app/api/src/routes/task-category/delete-task-category.ts","statementMap":{"0":{"start":{"line":7,"column":57},"end":{"line":46,"column":null}},"1":{"start":{"line":8,"column":2},"end":{"line":45,"column":null}},"2":{"start":{"line":26,"column":21},"end":{"line":26,"column":null}},"3":{"start":{"line":28,"column":23},"end":{"line":37,"column":null}},"4":{"start":{"line":39,"column":6},"end":{"line":41,"column":null}},"5":{"start":{"line":40,"column":8},"end":{"line":40,"column":null}},"6":{"start":{"line":43,"column":6},"end":{"line":43,"column":null}}},"fnMap":{"0":{"name":"(anonymous_0)","decl":{"start":{"line":7,"column":57},"end":{"line":7,"column":64}},"loc":{"start":{"line":7,"column":72},"end":{"line":46,"column":null}},"line":7},"1":{"name":"(anonymous_1)","decl":{"start":{"line":25,"column":4},"end":{"line":25,"column":11}},"loc":{"start":{"line":25,"column":30},"end":{"line":44,"column":null}},"line":25}},"branchMap":{"0":{"loc":{"start":{"line":39,"column":6},"end":{"line":41,"column":null}},"type":"if","locations":[{"start":{"line":39,"column":6},"end":{"line":41,"column":null}},{"start":{},"end":{}}],"line":39}},"s":{"0":3,"1":3,"2":2,"3":2,"4":2,"5":1,"6":1},"f":{"0":3,"1":2},"b":{"0":[1,1]},"meta":{"lastBranch":1,"lastFunction":2,"lastStatement":7,"seen":{"s:7:57:46:Infinity":0,"f:7:57:7:64":0,"s:8:2:45:Infinity":1,"f:25:4:25:11":1,"s:26:21:26:Infinity":2,"s:28:23:37:Infinity":3,"b:39:6:41:Infinity:undefined:undefined:undefined:undefined":0,"s:39:6:41:Infinity":4,"s:40:8:40:Infinity":5,"s:43:6:43:Infinity":6}}}
,"/Users/srwalkerb/Desktop/Me/study/todo-app/api/src/routes/task-category/list-task-category.ts": {"path":"/Users/srwalkerb/Desktop/Me/study/todo-app/api/src/routes/task-category/list-task-category.ts","statementMap":{"0":{"start":{"line":9,"column":55},"end":{"line":51,"column":null}},"1":{"start":{"line":10,"column":2},"end":{"line":50,"column":null}},"2":{"start":{"line":32,"column":24},"end":{"line":32,"column":null}},"3":{"start":{"line":34,"column":23},"end":{"line":44,"column":null}},"4":{"start":{"line":46,"column":6},"end":{"line":48,"column":null}}},"fnMap":{"0":{"name":"(anonymous_0)","decl":{"start":{"line":9,"column":55},"end":{"line":9,"column":62}},"loc":{"start":{"line":9,"column":70},"end":{"line":51,"column":null}},"line":9},"1":{"name":"(anonymous_1)","decl":{"start":{"line":31,"column":4},"end":{"line":31,"column":11}},"loc":{"start":{"line":31,"column":30},"end":{"line":49,"column":null}},"line":31}},"branchMap":{},"s":{"0":3,"1":3,"2":1,"3":1,"4":1},"f":{"0":3,"1":1},"b":{},"meta":{"lastBranch":0,"lastFunction":2,"lastStatement":5,"seen":{"s:9:55:51:Infinity":0,"f:9:55:9:62":0,"s:10:2:50:Infinity":1,"f:31:4:31:11":1,"s:32:24:32:Infinity":2,"s:34:23:44:Infinity":3,"s:46:6:48:Infinity":4}}}
,"/Users/srwalkerb/Desktop/Me/study/todo-app/api/src/routes/task-priority/create-task-priority.ts": {"path":"/Users/srwalkerb/Desktop/Me/study/todo-app/api/src/routes/task-priority/create-task-priority.ts","statementMap":{"0":{"start":{"line":8,"column":57},"end":{"line":39,"column":null}},"1":{"start":{"line":9,"column":2},"end":{"line":38,"column":null}},"2":{"start":{"line":27,"column":23},"end":{"line":32,"column":null}},"3":{"start":{"line":34,"column":6},"end":{"line":36,"column":null}}},"fnMap":{"0":{"name":"(anonymous_0)","decl":{"start":{"line":8,"column":57},"end":{"line":8,"column":64}},"loc":{"start":{"line":8,"column":72},"end":{"line":39,"column":null}},"line":8},"1":{"name":"(anonymous_1)","decl":{"start":{"line":26,"column":4},"end":{"line":26,"column":11}},"loc":{"start":{"line":26,"column":31},"end":{"line":37,"column":null}},"line":26}},"branchMap":{},"s":{"0":3,"1":3,"2":3,"3":3},"f":{"0":3,"1":3},"b":{},"meta":{"lastBranch":0,"lastFunction":2,"lastStatement":4,"seen":{"s:8:57:39:Infinity":0,"f:8:57:8:64":0,"s:9:2:38:Infinity":1,"f:26:4:26:11":1,"s:27:23:32:Infinity":2,"s:34:6:36:Infinity":3}}}
,"/Users/srwalkerb/Desktop/Me/study/todo-app/api/src/routes/task-priority/delete-task-priority.ts": {"path":"/Users/srwalkerb/Desktop/Me/study/todo-app/api/src/routes/task-priority/delete-task-priority.ts","statementMap":{"0":{"start":{"line":8,"column":57},"end":{"line":48,"column":null}},"1":{"start":{"line":9,"column":2},"end":{"line":47,"column":null}},"2":{"start":{"line":27,"column":23},"end":{"line":35,"column":null}},"3":{"start":{"line":37,"column":6},"end":{"line":37,"column":null}},"4":{"start":{"line":39,"column":6},"end":{"line":43,"column":null}},"5":{"start":{"line":40,"column":8},"end":{"line":42,"column":null}},"6":{"start":{"line":45,"column":6},"end":{"line":45,"column":null}}},"fnMap":{"0":{"name":"(anonymous_0)","decl":{"start":{"line":8,"column":57},"end":{"line":8,"column":64}},"loc":{"start":{"line":8,"column":72},"end":{"line":48,"column":null}},"line":8},"1":{"name":"(anonymous_1)","decl":{"start":{"line":26,"column":4},"end":{"line":26,"column":11}},"loc":{"start":{"line":26,"column":30},"end":{"line":46,"column":null}},"line":26}},"branchMap":{"0":{"loc":{"start":{"line":39,"column":6},"end":{"line":43,"column":null}},"type":"if","locations":[{"start":{"line":39,"column":6},"end":{"line":43,"column":null}},{"start":{},"end":{}}],"line":39}},"s":{"0":3,"1":3,"2":2,"3":2,"4":2,"5":1,"6":1},"f":{"0":3,"1":2},"b":{"0":[1,1]},"meta":{"lastBranch":1,"lastFunction":2,"lastStatement":7,"seen":{"s:8:57:48:Infinity":0,"f:8:57:8:64":0,"s:9:2:47:Infinity":1,"f:26:4:26:11":1,"s:27:23:35:Infinity":2,"s:37:6:37:Infinity":3,"b:39:6:43:Infinity:undefined:undefined:undefined:undefined":0,"s:39:6:43:Infinity":4,"s:40:8:42:Infinity":5,"s:45:6:45:Infinity":6}}}
,"/Users/srwalkerb/Desktop/Me/study/todo-app/api/src/routes/task-priority/list-task-priority.ts": {"path":"/Users/srwalkerb/Desktop/Me/study/todo-app/api/src/routes/task-priority/list-task-priority.ts","statementMap":{"0":{"start":{"line":8,"column":55},"end":{"line":50,"column":null}},"1":{"start":{"line":9,"column":2},"end":{"line":49,"column":null}},"2":{"start":{"line":32,"column":23},"end":{"line":43,"column":null}},"3":{"start":{"line":45,"column":6},"end":{"line":47,"column":null}}},"fnMap":{"0":{"name":"(anonymous_0)","decl":{"start":{"line":8,"column":55},"end":{"line":8,"column":62}},"loc":{"start":{"line":8,"column":70},"end":{"line":50,"column":null}},"line":8},"1":{"name":"(anonymous_1)","decl":{"start":{"line":31,"column":4},"end":{"line":31,"column":11}},"loc":{"start":{"line":31,"column":30},"end":{"line":48,"column":null}},"line":31}},"branchMap":{},"s":{"0":3,"1":3,"2":1,"3":1},"f":{"0":3,"1":1},"b":{},"meta":{"lastBranch":0,"lastFunction":2,"lastStatement":4,"seen":{"s:8:55:50:Infinity":0,"f:8:55:8:62":0,"s:9:2:49:Infinity":1,"f:31:4:31:11":1,"s:32:23:43:Infinity":2,"s:45:6:47:Infinity":3}}}
,"/Users/srwalkerb/Desktop/Me/study/todo-app/api/src/routes/task-priority/update-task-priority.ts": {"path":"/Users/srwalkerb/Desktop/Me/study/todo-app/api/src/routes/task-priority/update-task-priority.ts","statementMap":{"0":{"start":{"line":7,"column":57},"end":{"line":56,"column":null}},"1":{"start":{"line":8,"column":2},"end":{"line":55,"column":null}},"2":{"start":{"line":32,"column":23},"end":{"line":43,"column":null}},"3":{"start":{"line":45,"column":6},"end":{"line":49,"column":null}},"4":{"start":{"line":46,"column":8},"end":{"line":48,"column":null}},"5":{"start":{"line":51,"column":6},"end":{"line":53,"column":null}}},"fnMap":{"0":{"name":"(anonymous_0)","decl":{"start":{"line":7,"column":57},"end":{"line":7,"column":64}},"loc":{"start":{"line":7,"column":72},"end":{"line":56,"column":null}},"line":7},"1":{"name":"(anonymous_1)","decl":{"start":{"line":31,"column":4},"end":{"line":31,"column":11}},"loc":{"start":{"line":31,"column":30},"end":{"line":54,"column":null}},"line":31}},"branchMap":{"0":{"loc":{"start":{"line":45,"column":6},"end":{"line":49,"column":null}},"type":"if","locations":[{"start":{"line":45,"column":6},"end":{"line":49,"column":null}},{"start":{},"end":{}}],"line":45}},"s":{"0":3,"1":3,"2":2,"3":2,"4":1,"5":1},"f":{"0":3,"1":2},"b":{"0":[1,1]},"meta":{"lastBranch":1,"lastFunction":2,"lastStatement":6,"seen":{"s:7:57:56:Infinity":0,"f:7:57:7:64":0,"s:8:2:55:Infinity":1,"f:31:4:31:11":1,"s:32:23:43:Infinity":2,"b:45:6:49:Infinity:undefined:undefined:undefined:undefined":0,"s:45:6:49:Infinity":3,"s:46:8:48:Infinity":4,"s:51:6:53:Infinity":5}}}
,"/Users/srwalkerb/Desktop/Me/study/todo-app/api/src/routes/tasks/create-tasks.ts": {"path":"/Users/srwalkerb/Desktop/Me/study/todo-app/api/src/routes/tasks/create-tasks.ts","statementMap":{"0":{"start":{"line":8,"column":50},"end":{"line":76,"column":null}},"1":{"start":{"line":9,"column":2},"end":{"line":75,"column":null}},"2":{"start":{"line":34,"column":6},"end":{"line":47,"column":null}},"3":{"start":{"line":35,"column":35},"end":{"line":40,"column":null}},"4":{"start":{"line":42,"column":8},"end":{"line":46,"column":null}},"5":{"start":{"line":43,"column":10},"end":{"line":45,"column":null}},"6":{"start":{"line":49,"column":6},"end":{"line":64,"column":null}},"7":{"start":{"line":50,"column":35},"end":{"line":57,"column":null}},"8":{"start":{"line":59,"column":8},"end":{"line":63,"column":null}},"9":{"start":{"line":60,"column":10},"end":{"line":62,"column":null}},"10":{"start":{"line":66,"column":23},"end":{"line":71,"column":null}},"11":{"start":{"line":73,"column":6},"end":{"line":73,"column":null}}},"fnMap":{"0":{"name":"(anonymous_0)","decl":{"start":{"line":8,"column":50},"end":{"line":8,"column":57}},"loc":{"start":{"line":8,"column":65},"end":{"line":76,"column":null}},"line":8},"1":{"name":"(anonymous_1)","decl":{"start":{"line":33,"column":4},"end":{"line":33,"column":11}},"loc":{"start":{"line":33,"column":30},"end":{"line":74,"column":null}},"line":33}},"branchMap":{"0":{"loc":{"start":{"line":34,"column":6},"end":{"line":47,"column":null}},"type":"if","locations":[{"start":{"line":34,"column":6},"end":{"line":47,"column":null}},{"start":{},"end":{}}],"line":34},"1":{"loc":{"start":{"line":42,"column":8},"end":{"line":46,"column":null}},"type":"if","locations":[{"start":{"line":42,"column":8},"end":{"line":46,"column":null}},{"start":{},"end":{}}],"line":42},"2":{"loc":{"start":{"line":49,"column":6},"end":{"line":64,"column":null}},"type":"if","locations":[{"start":{"line":49,"column":6},"end":{"line":64,"column":null}},{"start":{},"end":{}}],"line":49},"3":{"loc":{"start":{"line":59,"column":8},"end":{"line":63,"column":null}},"type":"if","locations":[{"start":{"line":59,"column":8},"end":{"line":63,"column":null}},{"start":{},"end":{}}],"line":59}},"s":{"0":3,"1":3,"2":8,"3":1,"4":1,"5":1,"6":7,"7":1,"8":1,"9":1,"10":6,"11":6},"f":{"0":3,"1":8},"b":{"0":[1,7],"1":[1,0],"2":[1,6],"3":[1,0]},"meta":{"lastBranch":4,"lastFunction":2,"lastStatement":12,"seen":{"s:8:50:76:Infinity":0,"f:8:50:8:57":0,"s:9:2:75:Infinity":1,"f:33:4:33:11":1,"b:34:6:47:Infinity:undefined:undefined:undefined:undefined":0,"s:34:6:47:Infinity":2,"s:35:35:40:Infinity":3,"b:42:8:46:Infinity:undefined:undefined:undefined:undefined":1,"s:42:8:46:Infinity":4,"s:43:10:45:Infinity":5,"b:49:6:64:Infinity:undefined:undefined:undefined:undefined":2,"s:49:6:64:Infinity":6,"s:50:35:57:Infinity":7,"b:59:8:63:Infinity:undefined:undefined:undefined:undefined":3,"s:59:8:63:Infinity":8,"s:60:10:62:Infinity":9,"s:66:23:71:Infinity":10,"s:73:6:73:Infinity":11}}}
,"/Users/srwalkerb/Desktop/Me/study/todo-app/api/src/routes/tasks/delete-tasks.ts": {"path":"/Users/srwalkerb/Desktop/Me/study/todo-app/api/src/routes/tasks/delete-tasks.ts","statementMap":{"0":{"start":{"line":7,"column":50},"end":{"line":42,"column":null}},"1":{"start":{"line":8,"column":2},"end":{"line":41,"column":null}},"2":{"start":{"line":24,"column":23},"end":{"line":33,"column":null}},"3":{"start":{"line":35,"column":6},"end":{"line":37,"column":null}},"4":{"start":{"line":36,"column":8},"end":{"line":36,"column":null}},"5":{"start":{"line":39,"column":6},"end":{"line":39,"column":null}}},"fnMap":{"0":{"name":"(anonymous_0)","decl":{"start":{"line":7,"column":50},"end":{"line":7,"column":56}},"loc":{"start":{"line":7,"column":64},"end":{"line":42,"column":null}},"line":7},"1":{"name":"(anonymous_1)","decl":{"start":{"line":23,"column":4},"end":{"line":23,"column":11}},"loc":{"start":{"line":23,"column":30},"end":{"line":40,"column":null}},"line":23}},"branchMap":{"0":{"loc":{"start":{"line":35,"column":6},"end":{"line":37,"column":null}},"type":"if","locations":[{"start":{"line":35,"column":6},"end":{"line":37,"column":null}},{"start":{},"end":{}}],"line":35}},"s":{"0":3,"1":3,"2":2,"3":2,"4":1,"5":1},"f":{"0":3,"1":2},"b":{"0":[1,1]},"meta":{"lastBranch":1,"lastFunction":2,"lastStatement":6,"seen":{"s:7:50:42:Infinity":0,"f:7:50:7:56":0,"s:8:2:41:Infinity":1,"f:23:4:23:11":1,"s:24:23:33:Infinity":2,"b:35:6:37:Infinity:undefined:undefined:undefined:undefined":0,"s:35:6:37:Infinity":3,"s:36:8:36:Infinity":4,"s:39:6:39:Infinity":5}}}
,"/Users/srwalkerb/Desktop/Me/study/todo-app/api/src/routes/tasks/list-tasks.ts": {"path":"/Users/srwalkerb/Desktop/Me/study/todo-app/api/src/routes/tasks/list-tasks.ts","statementMap":{"0":{"start":{"line":7,"column":48},"end":{"line":80,"column":null}},"1":{"start":{"line":8,"column":2},"end":{"line":79,"column":null}},"2":{"start":{"line":43,"column":24},"end":{"line":43,"column":null}},"3":{"start":{"line":45,"column":23},"end":{"line":73,"column":null}},"4":{"start":{"line":75,"column":6},"end":{"line":77,"column":null}}},"fnMap":{"0":{"name":"(anonymous_0)","decl":{"start":{"line":7,"column":48},"end":{"line":7,"column":55}},"loc":{"start":{"line":7,"column":63},"end":{"line":80,"column":null}},"line":7},"1":{"name":"(anonymous_1)","decl":{"start":{"line":42,"column":4},"end":{"line":42,"column":11}},"loc":{"start":{"line":42,"column":30},"end":{"line":78,"column":null}},"line":42}},"branchMap":{},"s":{"0":3,"1":3,"2":1,"3":1,"4":1},"f":{"0":3,"1":1},"b":{},"meta":{"lastBranch":0,"lastFunction":2,"lastStatement":5,"seen":{"s:7:48:80:Infinity":0,"f:7:48:7:55":0,"s:8:2:79:Infinity":1,"f:42:4:42:11":1,"s:43:24:43:Infinity":2,"s:45:23:73:Infinity":3,"s:75:6:77:Infinity":4}}}
,"/Users/srwalkerb/Desktop/Me/study/todo-app/api/src/routes/tasks/update-tasks.ts": {"path":"/Users/srwalkerb/Desktop/Me/study/todo-app/api/src/routes/tasks/update-tasks.ts","statementMap":{"0":{"start":{"line":9,"column":50},"end":{"line":148,"column":null}},"1":{"start":{"line":10,"column":2},"end":{"line":147,"column":null}},"2":{"start":{"line":38,"column":21},"end":{"line":38,"column":null}},"3":{"start":{"line":40,"column":6},"end":{"line":53,"column":null}},"4":{"start":{"line":41,"column":35},"end":{"line":46,"column":null}},"5":{"start":{"line":48,"column":8},"end":{"line":52,"column":null}},"6":{"start":{"line":49,"column":10},"end":{"line":51,"column":null}},"7":{"start":{"line":55,"column":6},"end":{"line":70,"column":null}},"8":{"start":{"line":56,"column":35},"end":{"line":63,"column":null}},"9":{"start":{"line":65,"column":8},"end":{"line":69,"column":null}},"10":{"start":{"line":66,"column":10},"end":{"line":68,"column":null}},"11":{"start":{"line":72,"column":23},"end":{"line":85,"column":null}},"12":{"start":{"line":87,"column":6},"end":{"line":91,"column":null}},"13":{"start":{"line":88,"column":8},"end":{"line":90,"column":null}},"14":{"start":{"line":93,"column":6},"end":{"line":95,"column":null}},"15":{"start":{"line":122,"column":21},"end":{"line":122,"column":null}},"16":{"start":{"line":123,"column":30},"end":{"line":123,"column":null}},"17":{"start":{"line":125,"column":23},"end":{"line":134,"column":null}},"18":{"start":{"line":136,"column":6},"end":{"line":140,"column":7}},"19":{"start":{"line":137,"column":8},"end":{"line":139,"column":null}},"20":{"start":{"line":142,"column":6},"end":{"line":145,"column":null}}},"fnMap":{"0":{"name":"(anonymous_0)","decl":{"start":{"line":9,"column":50},"end":{"line":9,"column":57}},"loc":{"start":{"line":9,"column":65},"end":{"line":148,"column":null}},"line":9},"1":{"name":"(anonymous_1)","decl":{"start":{"line":37,"column":4},"end":{"line":37,"column":11}},"loc":{"start":{"line":37,"column":30},"end":{"line":96,"column":null}},"line":37},"2":{"name":"(anonymous_2)","decl":{"start":{"line":121,"column":4},"end":{"line":121,"column":11}},"loc":{"start":{"line":121,"column":30},"end":{"line":146,"column":null}},"line":121}},"branchMap":{"0":{"loc":{"start":{"line":40,"column":6},"end":{"line":53,"column":null}},"type":"if","locations":[{"start":{"line":40,"column":6},"end":{"line":53,"column":null}},{"start":{},"end":{}}],"line":40},"1":{"loc":{"start":{"line":48,"column":8},"end":{"line":52,"column":null}},"type":"if","locations":[{"start":{"line":48,"column":8},"end":{"line":52,"column":null}},{"start":{},"end":{}}],"line":48},"2":{"loc":{"start":{"line":55,"column":6},"end":{"line":70,"column":null}},"type":"if","locations":[{"start":{"line":55,"column":6},"end":{"line":70,"column":null}},{"start":{},"end":{}}],"line":55},"3":{"loc":{"start":{"line":65,"column":8},"end":{"line":69,"column":null}},"type":"if","locations":[{"start":{"line":65,"column":8},"end":{"line":69,"column":null}},{"start":{},"end":{}}],"line":65},"4":{"loc":{"start":{"line":87,"column":6},"end":{"line":91,"column":null}},"type":"if","locations":[{"start":{"line":87,"column":6},"end":{"line":91,"column":null}},{"start":{},"end":{}}],"line":87},"5":{"loc":{"start":{"line":129,"column":23},"end":{"line":129,"column":null}},"type":"cond-expr","locations":[{"start":{"line":129,"column":37},"end":{"line":129,"column":50}},{"start":{"line":129,"column":50},"end":{"line":129,"column":null}}],"line":129},"6":{"loc":{"start":{"line":136,"column":6},"end":{"line":140,"column":7}},"type":"if","locations":[{"start":{"line":136,"column":6},"end":{"line":140,"column":7}},{"start":{},"end":{}}],"line":136}},"s":{"0":3,"1":3,"2":4,"3":4,"4":1,"5":1,"6":1,"7":3,"8":1,"9":1,"10":1,"11":2,"12":2,"13":1,"14":1,"15":2,"16":2,"17":2,"18":2,"19":1,"20":1},"f":{"0":3,"1":4,"2":2},"b":{"0":[1,3],"1":[1,0],"2":[1,2],"3":[1,0],"4":[1,1],"5":[2,0],"6":[1,1]},"meta":{"lastBranch":7,"lastFunction":3,"lastStatement":21,"seen":{"s:9:50:148:Infinity":0,"f:9:50:9:57":0,"s:10:2:147:Infinity":1,"f:37:4:37:11":1,"s:38:21:38:Infinity":2,"b:40:6:53:Infinity:undefined:undefined:undefined:undefined":0,"s:40:6:53:Infinity":3,"s:41:35:46:Infinity":4,"b:48:8:52:Infinity:undefined:undefined:undefined:undefined":1,"s:48:8:52:Infinity":5,"s:49:10:51:Infinity":6,"b:55:6:70:Infinity:undefined:undefined:undefined:undefined":2,"s:55:6:70:Infinity":7,"s:56:35:63:Infinity":8,"b:65:8:69:Infinity:undefined:undefined:undefined:undefined":3,"s:65:8:69:Infinity":9,"s:66:10:68:Infinity":10,"s:72:23:85:Infinity":11,"b:87:6:91:Infinity:undefined:undefined:undefined:undefined":4,"s:87:6:91:Infinity":12,"s:88:8:90:Infinity":13,"s:93:6:95:Infinity":14,"f:121:4:121:11":2,"s:122:21:122:Infinity":15,"s:123:30:123:Infinity":16,"s:125:23:134:Infinity":17,"b:129:37:129:50:129:50:129:Infinity":5,"b:136:6:140:7:undefined:undefined:undefined:undefined":6,"s:136:6:140:7":18,"s:137:8:139:Infinity":19,"s:142:6:145:Infinity":20}}}
}
