{"/Users/srwalkerb/Desktop/Me/study/todo-app/api/src/env.ts": {"path":"/Users/srwalkerb/Desktop/Me/study/todo-app/api/src/env.ts","statementMap":{"0":{"start":{"line":3,"column":18},"end":{"line":9,"column":null}},"1":{"start":{"line":11,"column":19},"end":{"line":11,"column":null}}},"fnMap":{},"branchMap":{},"s":{"0":1,"1":1},"f":{},"b":{},"meta":{"lastBranch":0,"lastFunction":0,"lastStatement":2,"seen":{"s:3:18:9:Infinity":0,"s:11:19:11:Infinity":1}}}
,"/Users/srwalkerb/Desktop/Me/study/todo-app/api/src/server.ts": {"path":"/Users/srwalkerb/Desktop/Me/study/todo-app/api/src/server.ts","statementMap":{"0":{"start":{"line":18,"column":6},"end":{"line":18,"column":null}},"1":{"start":{"line":20,"column":0},"end":{"line":20,"column":null}},"2":{"start":{"line":21,"column":0},"end":{"line":21,"column":null}},"3":{"start":{"line":23,"column":0},"end":{"line":26,"column":null}},"4":{"start":{"line":28,"column":0},"end":{"line":36,"column":null}},"5":{"start":{"line":38,"column":0},"end":{"line":62,"column":null}},"6":{"start":{"line":39,"column":2},"end":{"line":49,"column":null}},"7":{"start":{"line":40,"column":4},"end":{"line":48,"column":null}},"8":{"start":{"line":51,"column":2},"end":{"line":61,"column":null}},"9":{"start":{"line":52,"column":4},"end":{"line":60,"column":null}},"10":{"start":{"line":64,"column":0},"end":{"line":66,"column":null}},"11":{"start":{"line":68,"column":0},"end":{"line":68,"column":null}},"12":{"start":{"line":69,"column":0},"end":{"line":69,"column":null}},"13":{"start":{"line":70,"column":0},"end":{"line":70,"column":null}},"14":{"start":{"line":72,"column":0},"end":{"line":75,"column":null}},"15":{"start":{"line":73,"column":2},"end":{"line":73,"column":null}},"16":{"start":{"line":74,"column":2},"end":{"line":74,"column":null}}},"fnMap":{"0":{"name":"(anonymous_0)","decl":{"start":{"line":38,"column":20},"end":{"line":38,"column":21}},"loc":{"start":{"line":38,"column":41},"end":{"line":62,"column":1}},"line":38},"1":{"name":"(anonymous_1)","decl":{"start":{"line":72,"column":53},"end":{"line":72,"column":59}},"loc":{"start":{"line":72,"column":59},"end":{"line":75,"column":1}},"line":72}},"branchMap":{"0":{"loc":{"start":{"line":39,"column":2},"end":{"line":49,"column":null}},"type":"if","locations":[{"start":{"line":39,"column":2},"end":{"line":49,"column":null}},{"start":{},"end":{}}],"line":39},"1":{"loc":{"start":{"line":51,"column":2},"end":{"line":61,"column":null}},"type":"if","locations":[{"start":{"line":51,"column":2},"end":{"line":61,"column":null}},{"start":{},"end":{}}],"line":51}},"s":{"0":1,"1":1,"2":1,"3":1,"4":1,"5":1,"6":1,"7":1,"8":0,"9":0,"10":1,"11":1,"12":1,"13":1,"14":1,"15":1,"16":1},"f":{"0":1,"1":1},"b":{"0":[1,0],"1":[0,0]},"meta":{"lastBranch":2,"lastFunction":2,"lastStatement":17,"seen":{"s:18:6:18:Infinity":0,"s:20:0:20:Infinity":1,"s:21:0:21:Infinity":2,"s:23:0:26:Infinity":3,"s:28:0:36:Infinity":4,"s:38:0:62:Infinity":5,"f:38:20:38:21":0,"b:39:2:49:Infinity:undefined:undefined:undefined:undefined":0,"s:39:2:49:Infinity":6,"s:40:4:48:Infinity":7,"b:51:2:61:Infinity:undefined:undefined:undefined:undefined":1,"s:51:2:61:Infinity":8,"s:52:4:60:Infinity":9,"s:64:0:66:Infinity":10,"s:68:0:68:Infinity":11,"s:69:0:69:Infinity":12,"s:70:0:70:Infinity":13,"s:72:0:75:Infinity":14,"f:72:53:72:59":1,"s:73:2:73:Infinity":15,"s:74:2:74:Infinity":16}}}
,"/Users/srwalkerb/Desktop/Me/study/todo-app/api/src/db/index.ts": {"path":"/Users/srwalkerb/Desktop/Me/study/todo-app/api/src/db/index.ts","statementMap":{"0":{"start":{"line":5,"column":13},"end":{"line":8,"column":null}}},"fnMap":{},"branchMap":{},"s":{"0":1},"f":{},"b":{},"meta":{"lastBranch":0,"lastFunction":0,"lastStatement":1,"seen":{"s:5:13:8:Infinity":0}}}
,"/Users/srwalkerb/Desktop/Me/study/todo-app/api/src/db/schema/index.ts": {"path":"/Users/srwalkerb/Desktop/Me/study/todo-app/api/src/db/schema/index.ts","statementMap":{},"fnMap":{},"branchMap":{},"s":{},"f":{},"b":{},"meta":{"lastBranch":0,"lastFunction":0,"lastStatement":0,"seen":{}}}
,"/Users/srwalkerb/Desktop/Me/study/todo-app/api/src/db/schema/todos.ts": {"path":"/Users/srwalkerb/Desktop/Me/study/todo-app/api/src/db/schema/todos.ts","statementMap":{"0":{"start":{"line":5,"column":13},"end":{"line":12,"column":null}},"1":{"start":{"line":8,"column":16},"end":{"line":8,"column":30}}},"fnMap":{"0":{"name":"(anonymous_0)","decl":{"start":{"line":8,"column":16},"end":{"line":8,"column":22}},"loc":{"start":{"line":8,"column":16},"end":{"line":8,"column":30}},"line":8}},"branchMap":{},"s":{"0":1,"1":2},"f":{"0":2},"b":{},"meta":{"lastBranch":0,"lastFunction":1,"lastStatement":2,"seen":{"s:5:13:12:Infinity":0,"f:8:16:8:22":0,"s:8:16:8:30":1}}}
,"/Users/srwalkerb/Desktop/Me/study/todo-app/api/src/routes/create-todos.ts": {"path":"/Users/srwalkerb/Desktop/Me/study/todo-app/api/src/routes/create-todos.ts","statementMap":{"0":{"start":{"line":7,"column":50},"end":{"line":33,"column":null}},"1":{"start":{"line":8,"column":2},"end":{"line":32,"column":null}},"2":{"start":{"line":26,"column":23},"end":{"line":28,"column":null}},"3":{"start":{"line":30,"column":6},"end":{"line":30,"column":null}}},"fnMap":{"0":{"name":"(anonymous_0)","decl":{"start":{"line":7,"column":50},"end":{"line":7,"column":57}},"loc":{"start":{"line":7,"column":65},"end":{"line":33,"column":null}},"line":7},"1":{"name":"(anonymous_1)","decl":{"start":{"line":25,"column":4},"end":{"line":25,"column":11}},"loc":{"start":{"line":25,"column":30},"end":{"line":31,"column":null}},"line":25}},"branchMap":{},"s":{"0":1,"1":1,"2":2,"3":2},"f":{"0":1,"1":2},"b":{},"meta":{"lastBranch":0,"lastFunction":2,"lastStatement":4,"seen":{"s:7:50:33:Infinity":0,"f:7:50:7:57":0,"s:8:2:32:Infinity":1,"f:25:4:25:11":1,"s:26:23:28:Infinity":2,"s:30:6:30:Infinity":3}}}
,"/Users/srwalkerb/Desktop/Me/study/todo-app/api/src/routes/delete-todos.ts": {"path":"/Users/srwalkerb/Desktop/Me/study/todo-app/api/src/routes/delete-todos.ts","statementMap":{"0":{"start":{"line":7,"column":50},"end":{"line":38,"column":null}},"1":{"start":{"line":8,"column":2},"end":{"line":37,"column":null}},"2":{"start":{"line":24,"column":23},"end":{"line":29,"column":null}},"3":{"start":{"line":31,"column":6},"end":{"line":33,"column":null}},"4":{"start":{"line":32,"column":8},"end":{"line":32,"column":null}},"5":{"start":{"line":35,"column":6},"end":{"line":35,"column":null}}},"fnMap":{"0":{"name":"(anonymous_0)","decl":{"start":{"line":7,"column":50},"end":{"line":7,"column":56}},"loc":{"start":{"line":7,"column":64},"end":{"line":38,"column":null}},"line":7},"1":{"name":"(anonymous_1)","decl":{"start":{"line":23,"column":4},"end":{"line":23,"column":11}},"loc":{"start":{"line":23,"column":30},"end":{"line":36,"column":null}},"line":23}},"branchMap":{"0":{"loc":{"start":{"line":31,"column":6},"end":{"line":33,"column":null}},"type":"if","locations":[{"start":{"line":31,"column":6},"end":{"line":33,"column":null}},{"start":{},"end":{}}],"line":31}},"s":{"0":1,"1":1,"2":2,"3":2,"4":1,"5":1},"f":{"0":1,"1":2},"b":{"0":[1,1]},"meta":{"lastBranch":1,"lastFunction":2,"lastStatement":6,"seen":{"s:7:50:38:Infinity":0,"f:7:50:7:56":0,"s:8:2:37:Infinity":1,"f:23:4:23:11":1,"s:24:23:29:Infinity":2,"b:31:6:33:Infinity:undefined:undefined:undefined:undefined":0,"s:31:6:33:Infinity":3,"s:32:8:32:Infinity":4,"s:35:6:35:Infinity":5}}}
,"/Users/srwalkerb/Desktop/Me/study/todo-app/api/src/routes/list-todos.ts": {"path":"/Users/srwalkerb/Desktop/Me/study/todo-app/api/src/routes/list-todos.ts","statementMap":{"0":{"start":{"line":8,"column":48},"end":{"line":45,"column":null}},"1":{"start":{"line":9,"column":2},"end":{"line":44,"column":null}},"2":{"start":{"line":32,"column":24},"end":{"line":32,"column":null}},"3":{"start":{"line":40,"column":6},"end":{"line":42,"column":null}}},"fnMap":{"0":{"name":"(anonymous_0)","decl":{"start":{"line":8,"column":48},"end":{"line":8,"column":55}},"loc":{"start":{"line":8,"column":63},"end":{"line":45,"column":null}},"line":8},"1":{"name":"(anonymous_1)","decl":{"start":{"line":31,"column":4},"end":{"line":31,"column":11}},"loc":{"start":{"line":31,"column":30},"end":{"line":43,"column":null}},"line":31}},"branchMap":{},"s":{"0":1,"1":1,"2":1,"3":1},"f":{"0":1,"1":1},"b":{},"meta":{"lastBranch":0,"lastFunction":2,"lastStatement":4,"seen":{"s:8:48:45:Infinity":0,"f:8:48:8:55":0,"s:9:2:44:Infinity":1,"f:31:4:31:11":1,"s:32:24:32:Infinity":2,"s:40:6:42:Infinity":3}}}
}
